2020-03-15 16:10:03,287 register_case.py setUpClass 20 INFO ¿‡«∞÷√
2020-03-15 16:10:03,288 register_case.py setUp 20 INFO setUp
2020-03-15 16:10:03,301 register_case.py setUp 20 INFO setUp
2020-03-15 16:10:03,311 register_case.py tearDownClass 20 INFO ¿‡∫Û÷√
2020-03-15 16:10:56,093 register_case.py setUpClass 20 INFO ¿‡«∞÷√
2020-03-15 16:10:56,094 register_case.py setUp 20 INFO setUp
2020-03-15 16:11:40,601 register_case.py tearDown 20 INFO tearDown
2020-03-15 16:11:46,161 register_case.py setUpClass 20 INFO ¿‡«∞÷√
2020-03-15 16:11:46,161 register_case.py setUp 20 INFO setUp
2020-03-15 16:11:57,939 register_case.py tearDown 20 INFO tearDown
2020-03-15 16:12:02,123 register_case.py setUp 20 INFO setUp
2020-03-15 16:12:15,392 register_case.py tearDown 20 INFO tearDown
2020-03-15 16:12:19,599 register_case.py tearDownClass 20 INFO ¿‡∫Û÷√
2020-03-15 16:12:52,989 register_case.py setUpClass 20 INFO ¿‡«∞÷√
2020-03-15 16:12:52,989 register_case.py setUp 20 INFO setUp
2020-03-15 16:13:04,060 register_case.py tearDown 20 INFO tearDown
2020-03-15 16:13:08,268 register_case.py setUp 20 INFO setUp
2020-03-15 16:13:28,289 register_case.py tearDown 20 INFO tearDown
2020-03-15 16:13:28,305 register_case.py tearDownClass 20 INFO ¿‡∫Û÷√
2020-03-15 16:25:21,552 register_case.py setUpClass 20 INFO ¿‡«∞÷√
2020-03-15 16:25:21,553 register_case.py setUp 20 INFO setUp
2020-03-15 16:25:21,571 register_case.py setUp 20 INFO setUp
2020-03-15 16:25:21,584 register_case.py tearDownClass 20 INFO ¿‡∫Û÷√
2020-03-15 16:26:39,820 register_case.py setUpClass 20 INFO ¿‡«∞÷√
2020-03-15 16:26:39,821 register_case.py setUp 20 INFO setUp
2020-03-15 16:26:39,842 register_case.py setUp 20 INFO setUp
2020-03-15 16:26:39,858 register_case.py tearDownClass 20 INFO ¿‡∫Û÷√
2020-03-15 16:27:28,401 register_case.py setUpClass 20 INFO ¿‡«∞÷√
2020-03-15 16:27:28,401 register_case.py setUp 20 INFO setUp
2020-03-15 16:27:46,614 register_case.py setUp 20 INFO setUp
2020-03-15 16:28:04,664 register_case.py tearDownClass 20 INFO ¿‡∫Û÷√
2020-03-15 16:40:10,300 register_case.py setUpClass 20 INFO ¿‡«∞÷√
2020-03-15 16:40:10,301 register_case.py setUp 20 INFO setUp
2020-03-15 16:40:10,354 register_case.py setUp 20 INFO setUp
2020-03-15 16:40:10,378 register_case.py tearDownClass 20 INFO ¿‡∫Û÷√
2020-03-15 16:43:09,472 register_case.py setUpClass 20 INFO ¿‡«∞÷√
2020-03-15 16:43:09,472 register_case.py setUp 20 INFO setUp
2020-03-15 16:43:21,226 register_case.py tearDown 20 INFO tearDown
2020-03-15 16:43:23,465 register_case.py setUp 20 INFO setUp
2020-03-15 16:43:32,990 register_case.py setUpClass 20 INFO ¿‡«∞÷√
2020-03-15 16:43:32,991 register_case.py setUp 20 INFO setUp
2020-03-15 16:43:42,616 register_case.py tearDown 20 INFO tearDown
2020-03-15 16:43:44,381 register_case.py setUp 20 INFO setUp
2020-03-15 16:43:58,196 register_case.py tearDown 20 INFO tearDown
2020-03-15 16:44:00,129 register_case.py tearDownClass 20 INFO ¿‡∫Û÷√
2020-03-15 16:45:26,070 register_case.py setUpClass 20 INFO ¿‡«∞÷√
2020-03-15 16:45:26,070 register_case.py setUp 20 INFO setUp
2020-03-15 16:45:26,087 register_case.py setUp 20 INFO setUp
2020-03-15 16:45:26,099 register_case.py tearDownClass 20 INFO ¿‡∫Û÷√
2020-03-15 16:49:00,514 register_case.py setUpClass 20 INFO ¿‡«∞÷√
2020-03-15 16:49:00,514 register_case.py setUp 20 INFO setUp
2020-03-15 16:49:20,018 poolmanager.py urlopen 20 INFO Redirecting http://127.0.0.1:13203/session -> http://127.0.0.1:13203/session/f2199e11-2544-4318-965d-67e8a68b78c0
2020-03-15 16:49:20,839 register_case.py tearDown 20 INFO tearDown
2020-03-15 16:49:20,860 register_case.py setUp 20 INFO setUp
2020-03-15 16:49:32,744 poolmanager.py urlopen 20 INFO Redirecting http://127.0.0.1:13231/session -> http://127.0.0.1:13231/session/f0af47bb-ca26-4848-bb78-964f3178f567
2020-03-15 16:49:33,569 register_case.py tearDown 20 INFO tearDown
2020-03-15 16:49:33,588 register_case.py tearDownClass 20 INFO ¿‡∫Û÷√
2020-03-15 16:50:00,350 register_case.py setUpClass 20 INFO ¿‡«∞÷√
2020-03-15 16:50:00,350 register_case.py setUp 20 INFO setUp
2020-03-15 16:50:11,221 poolmanager.py urlopen 20 INFO Redirecting http://127.0.0.1:13307/session -> http://127.0.0.1:13307/session/e1bc96e8-5ef6-44f1-90f2-e67112899add
2020-03-15 16:50:12,055 register_case.py tearDown 20 INFO tearDown
2020-03-15 16:50:12,075 register_case.py setUp 20 INFO setUp
2020-03-15 16:50:24,002 poolmanager.py urlopen 20 INFO Redirecting http://127.0.0.1:13327/session -> http://127.0.0.1:13327/session/1d5292b5-ae9c-46c2-ab00-928c1805e0c4
2020-03-15 16:50:24,906 register_case.py tearDown 20 INFO tearDown
2020-03-15 16:50:24,926 register_case.py tearDownClass 20 INFO ¿‡∫Û÷√
2020-03-15 16:52:37,272 register_case.py setUpClass 20 INFO ¿‡«∞÷√
2020-03-15 16:52:37,273 register_case.py setUp 20 INFO setUp
2020-03-15 16:52:37,291 register_case.py setUp 20 INFO setUp
2020-03-15 16:52:37,304 register_case.py tearDownClass 20 INFO ¿‡∫Û÷√
2020-03-15 17:19:10,416 register_case.py setUpClass 20 INFO ¿‡«∞÷√
2020-03-15 17:19:10,417 register_case.py setUp 20 INFO setUp
2020-03-15 17:19:10,432 register_case.py setUp 20 INFO setUp
2020-03-15 17:19:10,444 register_case.py tearDownClass 20 INFO ¿‡∫Û÷√
2020-03-15 17:21:34,965 register_case.py setUpClass 20 INFO ¿‡«∞÷√
2020-03-15 17:21:34,965 register_case.py setUp 20 INFO setUp
2020-03-15 17:21:48,150 register_case.py tearDown 20 INFO tearDown
2020-03-15 17:21:48,407 register_case.py setUp 20 INFO setUp
2020-03-15 17:43:03,276 register_case.py setUpClass 20 INFO Á±ªÂâçÁΩÆ
2020-03-15 17:43:03,277 register_case.py setUp 20 INFO setUp
2020-03-15 17:43:03,284 register_case.py setUp 20 INFO setUp
2020-03-15 17:43:03,287 register_case.py tearDownClass 20 INFO Á±ªÂêéÁΩÆ
2020-03-15 17:44:02,203 register_case.py setUpClass 20 INFO Á±ªÂâçÁΩÆ
2020-03-15 17:44:02,203 register_case.py setUp 20 INFO setUp
2020-03-15 17:44:29,179 register_case.py setUpClass 20 INFO Á±ªÂâçÁΩÆ
2020-03-15 17:44:29,179 register_case.py setUp 20 INFO setUp
2020-03-15 17:44:48,295 register_case.py setUpClass 20 INFO Á±ªÂâçÁΩÆ
2020-03-15 17:44:48,296 register_case.py setUp 20 INFO setUp
2020-03-15 17:44:51,187 register_case.py tearDown 20 INFO tearDown
2020-03-15 17:44:51,234 register_case.py setUp 20 INFO setUp
2020-03-15 17:45:00,384 register_case.py tearDown 20 INFO tearDown
2020-03-15 17:45:00,404 register_case.py tearDownClass 20 INFO Á±ªÂêéÁΩÆ
2020-03-15 17:55:24,762 register_case.py setUpClass 20 INFO Á±ªÂâçÁΩÆ
2020-03-15 17:55:24,763 register_case.py setUp 20 INFO setUp
2020-03-15 17:55:24,774 register_case.py setUp 20 INFO setUp
2020-03-15 17:55:24,777 register_case.py tearDownClass 20 INFO Á±ªÂêéÁΩÆ
2020-03-15 17:58:09,794 register_case.py setUpClass 20 INFO Á±ªÂâçÁΩÆ
2020-03-15 17:58:09,794 register_case.py setUp 20 INFO setUp
2020-03-15 17:58:09,801 register_case.py setUp 20 INFO setUp
2020-03-15 17:58:09,805 register_case.py tearDownClass 20 INFO Á±ªÂêéÁΩÆ
2020-03-15 18:03:18,648 register_case.py setUpClass 20 INFO Á±ªÂâçÁΩÆ
2020-03-15 18:03:18,648 register_case.py setUp 20 INFO setUp
2020-03-15 18:03:26,017 register_case.py tearDown 20 INFO tearDown
2020-03-15 18:03:26,030 register_case.py setUp 20 INFO setUp
2020-03-15 18:03:31,941 register_case.py tearDown 20 INFO tearDown
2020-03-15 18:03:31,951 register_case.py tearDownClass 20 INFO Á±ªÂêéÁΩÆ
2020-03-15 18:03:44,341 register_case.py setUpClass 20 INFO Á±ªÂâçÁΩÆ
2020-03-15 18:03:44,341 register_case.py setUp 20 INFO setUp
2020-03-15 18:03:48,935 register_case.py tearDown 20 INFO tearDown
2020-03-15 18:03:49,060 register_case.py setUp 20 INFO setUp
2020-03-15 18:03:54,026 register_case.py tearDown 20 INFO tearDown
2020-03-15 18:03:54,194 register_case.py tearDownClass 20 INFO Á±ªÂêéÁΩÆ
2020-03-15 18:16:13,939 register_case.py setUpClass 20 INFO Á±ªÂâçÁΩÆ
2020-03-15 18:16:13,939 register_case.py setUp 20 INFO setUp
2020-03-15 18:16:13,948 register_case.py setUp 20 INFO setUp
2020-03-15 18:16:13,952 register_case.py tearDownClass 20 INFO Á±ªÂêéÁΩÆ
